2023-04-25 12:01:20,259 - INFO - bucket: coordinator-admin-api-ap-serverlessdeploymentbuck-yrcktfp1o8bx - Success
2023-04-25 12:01:21,065 - INFO - bucket: coordinator-admin-api-ci-serverlessdeploymentbuck-5kqe1zoegm67 - Success
2023-04-25 12:01:21,571 - INFO - bucket: coordinator-admin-api-de-serverlessdeploymentbuck-9zc9y1g83jja - Success
2023-04-25 12:01:22,414 - INFO - bucket: coordinator-admin-api-dl-serverlessdeploymentbuck-1fsamlhjcgpu5 - Success
2023-04-25 12:01:23,217 - INFO - bucket: coordinator-admin-api-nu-serverlessdeploymentbuck-1cgkg466jzhw1 - Success
2023-04-25 12:01:24,043 - INFO - bucket: coordinator-admin-api-qe-serverlessdeploymentbuck-dep8qq9ounms - Success
2023-04-25 12:01:24,849 - INFO - bucket: coordinator-admin-api-se-serverlessdeploymentbuck-88h6u5l8lv1p - Success
2023-04-25 12:01:25,788 - INFO - bucket: coordinator-admin-api-st-serverlessdeploymentbuck-17sf0x8kvirr9 - Success
2023-04-25 12:01:26,282 - INFO - bucket: coordinator-admin-auth-a-serverlessdeploymentbuck-10y36vqbor09u - Success
2023-04-25 12:01:27,197 - INFO - bucket: coordinator-admin-auth-a-serverlessdeploymentbuck-12oq9tqzby2wl - Success
2023-04-25 12:01:27,986 - INFO - bucket: coordinator-admin-auth-a-serverlessdeploymentbuck-15tfqgdcm5p1t - Success
2023-04-25 12:01:29,063 - INFO - bucket: coordinator-admin-auth-a-serverlessdeploymentbuck-1aia9wdh923e7 - Success
2023-04-25 12:01:29,838 - INFO - bucket: coordinator-admin-auth-a-serverlessdeploymentbuck-1aoqta0dd21j1 - Success
2023-04-25 12:01:30,650 - INFO - bucket: coordinator-admin-auth-a-serverlessdeploymentbuck-1qwd1q7tw003p - Success
2023-04-25 12:01:31,415 - INFO - bucket: coordinator-admin-auth-a-serverlessdeploymentbuck-eomdpiq4v9vy - Success
2023-04-25 12:01:32,132 - INFO - bucket: coordinator-admin-auth-a-serverlessdeploymentbuck-x9am5mmozqe - Success
2023-04-25 12:01:32,615 - INFO - bucket: coordinator-api-app-dev-serverlessdeploymentbucke-165m4pp0xcz7m - Success
2023-04-25 12:01:33,487 - INFO - bucket: coordinator-api-cimplifi-serverlessdeploymentbuck-7lmrw04qynf4 - Success
2023-04-25 12:01:33,998 - INFO - bucket: coordinator-api-demo-dev-serverlessdeploymentbuck-1d4qfmaz7yg9j - Success
2023-04-25 12:01:34,971 - INFO - bucket: coordinator-api-dev-serverlessdeploymentbucket-1a6kc8p3w5k69 - Success
2023-04-25 12:01:35,811 - INFO - bucket: coordinator-api-dlapiper-serverlessdeploymentbuck-q1bv63x13h70 - Success
2023-04-25 12:01:36,713 - INFO - bucket: coordinator-api-nutter-d-serverlessdeploymentbuck-1ifpnuwsntvpt - Success
2023-04-25 12:01:37,511 - INFO - bucket: coordinator-api-qeus-dev-serverlessdeploymentbuck-103d1ffspbgf2 - Success
2023-04-25 12:01:38,380 - INFO - bucket: coordinator-api-selendyg-serverlessdeploymentbuck-mi06bzz5j79c - Success
2023-04-25 12:01:39,274 - INFO - bucket: coordinator-api-staging-serverlessdeploymentbuck-9cmef3bc5o42 - Success
2023-04-25 12:01:39,877 - INFO - bucket: coordinator-auth-api-app-serverlessdeploymentbuck-93bijyqhbuy9 - Success
2023-04-25 12:01:40,815 - INFO - bucket: coordinator-auth-api-cim-serverlessdeploymentbuck-wdazl7drx406 - Success
2023-04-25 12:01:41,345 - INFO - bucket: coordinator-auth-api-dem-serverlessdeploymentbuck-7arh0wp1vsm1 - Success
2023-04-25 12:01:42,137 - INFO - bucket: coordinator-auth-api-dla-serverlessdeploymentbuck-743a44w1l0el - Success
2023-04-25 12:01:43,085 - INFO - bucket: coordinator-auth-api-nut-serverlessdeploymentbuck-1lcmraz2bkhys - Success
2023-04-25 12:01:43,955 - INFO - bucket: coordinator-auth-api-qeu-serverlessdeploymentbuck-o0hp4j9310xn - Success
2023-04-25 12:01:44,790 - INFO - bucket: coordinator-auth-api-sel-serverlessdeploymentbuck-1ac0106i89ffv - Success
2023-04-25 12:01:45,713 - INFO - bucket: coordinator-auth-api-sta-serverlessdeploymentbuck-1gbhl3j5hyben - Success
2023-04-25 12:01:46,266 - INFO - bucket: coordinator-extractor-ap-serverlessdeploymentbuck-1idjty1bmwuom - Success
2023-04-25 12:01:47,479 - INFO - bucket: coordinator-extractor-ci-serverlessdeploymentbuck-u2hbmgr2ufbf - Success
2023-04-25 12:01:47,996 - INFO - bucket: coordinator-extractor-de-serverlessdeploymentbuck-10fxxipj4obk3 - Success
2023-04-25 12:01:48,883 - INFO - bucket: coordinator-extractor-dl-serverlessdeploymentbuck-1k02vvai4uho6 - Success
2023-04-25 12:01:49,924 - INFO - bucket: coordinator-extractor-nu-serverlessdeploymentbuck-145nv0nn698eq - Success
2023-04-25 12:01:51,034 - INFO - bucket: coordinator-extractor-qe-serverlessdeploymentbuck-xs7gxqjm19r1 - Success
2023-04-25 12:01:51,874 - INFO - bucket: coordinator-extractor-se-serverlessdeploymentbuck-jktlw9wemlwb - Success
2023-04-25 12:01:52,742 - INFO - bucket: coordinator-extractor-st-serverlessdeploymentbuck-1201rpgjh81fj - Success
2023-04-25 12:01:53,231 - INFO - bucket: coordinator-lock-api-app-serverlessdeploymentbuck-1oexqnf2wqqlj - Success
2023-04-25 12:01:54,033 - INFO - bucket: coordinator-lock-api-cim-serverlessdeploymentbuck-1sfphtmjp97mf - Success
2023-04-25 12:01:54,662 - INFO - bucket: coordinator-lock-api-dem-serverlessdeploymentbuck-19ztrkbwpjgpx - Success
2023-04-25 12:01:55,471 - INFO - bucket: coordinator-lock-api-dla-serverlessdeploymentbuck-1x6ppfmosscbb - Success
2023-04-25 12:01:56,295 - INFO - bucket: coordinator-lock-api-nut-serverlessdeploymentbuck-p84tkcp4p3mb - Success
2023-04-25 12:01:57,157 - INFO - bucket: coordinator-lock-api-qeu-serverlessdeploymentbuck-m1hdit1eh21q - Success
2023-04-25 12:01:57,937 - INFO - bucket: coordinator-lock-api-sel-serverlessdeploymentbuck-bg55xgybaqld - Success
2023-04-25 12:01:58,830 - INFO - bucket: coordinator-lock-api-sta-serverlessdeploymentbuck-dbcmlwwu3kls - Success
2023-04-25 12:01:59,346 - INFO - bucket: coordinator-tokenizer-ap-serverlessdeploymentbuck-izr85mnpxtua - Success
2023-04-25 12:02:00,142 - INFO - bucket: coordinator-tokenizer-ci-serverlessdeploymentbuck-1na5aa8ui41td - Success
2023-04-25 12:02:00,653 - INFO - bucket: coordinator-tokenizer-de-serverlessdeploymentbuck-h5t5xu9l093m - Success
2023-04-25 12:02:01,496 - INFO - bucket: coordinator-tokenizer-dl-serverlessdeploymentbuck-1hd7suxe8yndj - Success
2023-04-25 12:02:02,315 - INFO - bucket: coordinator-tokenizer-nu-serverlessdeploymentbuck-12lmwuro7yk0l - Success
2023-04-25 12:02:03,169 - INFO - bucket: coordinator-tokenizer-qe-serverlessdeploymentbuck-1spsauoyh94e0 - Success
2023-04-25 12:02:03,968 - INFO - bucket: coordinator-tokenizer-se-serverlessdeploymentbuck-10fw42c5e3g26 - Success
2023-04-25 12:02:05,118 - INFO - bucket: coordinator-tokenizer-st-serverlessdeploymentbuck-wjhlz60u7hzw - Success
2023-04-25 12:02:05,612 - INFO - bucket: coordinator-worker-app-d-serverlessdeploymentbuck-dkhkpwgm9j4b - Success
2023-04-25 12:02:06,410 - INFO - bucket: coordinator-worker-cimpl-serverlessdeploymentbuck-zkdcid85mjgg - Success
2023-04-25 12:02:06,937 - INFO - bucket: coordinator-worker-demo-serverlessdeploymentbuck-1j9e38zheudjn - Success
2023-04-25 12:02:07,763 - INFO - bucket: coordinator-worker-dlapi-serverlessdeploymentbuck-7cbiqgzc963r - Success
2023-04-25 12:02:08,621 - INFO - bucket: coordinator-worker-nutte-serverlessdeploymentbuck-kwmzqsz8bvxc - Success
2023-04-25 12:02:09,483 - INFO - bucket: coordinator-worker-qeus-serverlessdeploymentbuck-wp8ioq9wpawi - Success
2023-04-25 12:02:10,244 - INFO - bucket: coordinator-worker-selen-serverlessdeploymentbuck-1iqjqd1qmhlpi - Success
2023-04-25 12:02:11,206 - INFO - bucket: coordinator-worker-stagi-serverlessdeploymentbuck-ejvigk85n3rj - Success
2023-04-25 12:02:12,044 - INFO - bucket: sybil-api-sybil-producti-serverlessdeploymentbuck-vs85iidugfyl - Success
2023-04-25 12:02:12,447 - INFO - bucket: sybil-api-sybil-staging-serverlessdeploymentbuck-1gjfeef89bxyt - Success
2023-04-25 12:02:12,977 - INFO - bucket: sybil-worker-batch-sybil-serverlessdeploymentbuck-1bqdkfl9jwu8b - Success
2023-04-25 12:02:13,835 - INFO - bucket: sybil-worker-batch-sybil-serverlessdeploymentbuck-3rqlaegy7z5o - Success
2023-04-25 12:02:14,650 - INFO - bucket: sybil-worker-sybil-produ-serverlessdeploymentbuck-bapjin6mx9b5 - Success
2023-04-25 12:02:15,178 - INFO - bucket: sybil-worker-sybil-stagi-serverlessdeploymentbuck-ppyslvatdstv - Success
